2023-09-08 08:44:12,961 [INFO] Activator:176 - 


2023-09-08 08:44:12,961 [INFO] Activator:177 - !SESSION log4j initialized
2023-09-08 08:44:17,845 [INFO] LogOutputStream:77 - [STDOUT_REDIRECT] 
2023-09-08 08:44:21,288 [INFO] ApplicationProperties:184 - Using Application install path: C:\ST\STM32CubeIDE_1.13.1\STM32CubeIDE\plugins\com.st.stm32cube.common.mx_6.9.1.202307191849
2023-09-08 08:44:21,300 [INFO] DbMcusXml:78 - Set database path to: C:\ST\STM32CubeIDE_1.13.1\STM32CubeIDE\plugins\com.st.stm32cube.common.mx_6.9.1.202307191849\\db\/mcu/
2023-09-08 08:44:21,300 [INFO] ApiDb:274 - Set plugin database path to: C:\ST\STM32CubeIDE_1.13.1\STM32CubeIDE\plugins\com.st.stm32cube.common.mx_6.9.1.202307191849\\db\/plugins/boardmanager/
2023-09-08 08:44:21,301 [WARN] ApiDb:259 - Overriding images path with different value:  => C:\ST\STM32CubeIDE_1.13.1\STM32CubeIDE\plugins\com.st.stm32cube.common.mx_6.9.1.202307191849\\db\/plugins/mcufinder/images/
2023-09-08 08:44:21,315 [INFO] ApiDb:250 - Set database path to: C:\Users\user\.stmcufinder\plugins\mcufinder//mcu/
2023-09-08 08:44:21,316 [INFO] DbMcusAds:125 - Set database path to: C:\Users\user\.stmcufinder\plugins\mcufinder//mcu/
2023-09-08 08:44:21,317 [INFO] CrossReferenceDbSqlite:203 - Set database path to: C:\Users\user\.stmcufinder\plugins\mcufinder//mcu/cs/
2023-09-08 08:44:21,389 [INFO] RulesReader:64 - Compatibility file has been processed (293 Rules)
2023-09-08 08:44:21,441 [INFO] DbMcusXml:78 - Set database path to: C:\ST\STM32CubeIDE_1.13.1\STM32CubeIDE\plugins\com.st.stm32cube.common.mx_6.9.1.202307191849\\db\/mcu/
2023-09-08 08:44:21,441 [INFO] ApiDb:274 - Set plugin database path to: C:\ST\STM32CubeIDE_1.13.1\STM32CubeIDE\plugins\com.st.stm32cube.common.mx_6.9.1.202307191849\\db\/plugins/boardmanager/
2023-09-08 08:44:21,441 [INFO] ApiDb:261 - Set plugin images path to: C:\ST\STM32CubeIDE_1.13.1\STM32CubeIDE\plugins\com.st.stm32cube.common.mx_6.9.1.202307191849\\db\/plugins/mcufinder/images/
2023-09-08 08:44:21,441 [WARN] DbFile:41 - Overriding database path with different value: C:\Users\user\.stmcufinder\plugins\mcufinder/ => C:\Users\user\.stmcufinder\plugins\mcufinder
2023-09-08 08:44:21,441 [INFO] ApiDb:250 - Set database path to: C:\Users\user\.stmcufinder\plugins\mcufinder//mcu/
2023-09-08 08:44:21,441 [WARN] DbFile:41 - Overriding database path with different value: C:\Users\user\.stmcufinder\plugins\mcufinder/ => C:\Users\user\.stmcufinder\plugins\mcufinder
2023-09-08 08:44:21,441 [INFO] DbMcusAds:125 - Set database path to: C:\Users\user\.stmcufinder\plugins\mcufinder//mcu/
2023-09-08 08:44:21,441 [WARN] DbFile:41 - Overriding database path with different value: C:\Users\user\.stmcufinder\plugins\mcufinder/ => C:\Users\user\.stmcufinder\plugins\mcufinder
2023-09-08 08:44:21,441 [WARN] DbFile:41 - Overriding database path with different value: C:\Users\user\.stmcufinder\plugins\mcufinder/ => C:\Users\user\.stmcufinder\plugins\mcufinder
2023-09-08 08:44:21,442 [INFO] CrossReferenceDbSqlite:203 - Set database path to: C:\Users\user\.stmcufinder\plugins\mcufinder//mcu/cs/
2023-09-08 08:44:21,492 [INFO] MainPanel:262 - HeapMemory: 268435456
2023-09-08 08:44:21,548 [INFO] DbMcusXml:78 - Set database path to: C:\ST\STM32CubeIDE_1.13.1\STM32CubeIDE\plugins\com.st.stm32cube.common.mx_6.9.1.202307191849\\db\/mcu/
2023-09-08 08:44:21,548 [INFO] ApiDb:274 - Set plugin database path to: C:\ST\STM32CubeIDE_1.13.1\STM32CubeIDE\plugins\com.st.stm32cube.common.mx_6.9.1.202307191849\\db\/plugins/boardmanager/
2023-09-08 08:44:21,548 [INFO] ApiDb:261 - Set plugin images path to: C:\ST\STM32CubeIDE_1.13.1\STM32CubeIDE\plugins\com.st.stm32cube.common.mx_6.9.1.202307191849\\db\/plugins/mcufinder/images/
2023-09-08 08:44:21,548 [WARN] DbFile:41 - Overriding database path with different value: C:\Users\user\.stmcufinder\plugins\mcufinder/ => C:\Users\user\.stmcufinder\plugins\mcufinder
2023-09-08 08:44:21,548 [INFO] ApiDb:250 - Set database path to: C:\Users\user\.stmcufinder\plugins\mcufinder//mcu/
2023-09-08 08:44:21,549 [WARN] DbFile:41 - Overriding database path with different value: C:\Users\user\.stmcufinder\plugins\mcufinder/ => C:\Users\user\.stmcufinder\plugins\mcufinder
2023-09-08 08:44:21,549 [INFO] DbMcusAds:125 - Set database path to: C:\Users\user\.stmcufinder\plugins\mcufinder//mcu/
2023-09-08 08:44:21,549 [WARN] DbFile:41 - Overriding database path with different value: C:\Users\user\.stmcufinder\plugins\mcufinder/ => C:\Users\user\.stmcufinder\plugins\mcufinder
2023-09-08 08:44:21,549 [WARN] DbFile:41 - Overriding database path with different value: C:\Users\user\.stmcufinder\plugins\mcufinder/ => C:\Users\user\.stmcufinder\plugins\mcufinder
2023-09-08 08:44:21,549 [INFO] CrossReferenceDbSqlite:203 - Set database path to: C:\Users\user\.stmcufinder\plugins\mcufinder//mcu/cs/
2023-09-08 08:44:21,562 [INFO] ApplicationProperties:184 - Using Application install path: C:\ST\STM32CubeIDE_1.13.1\STM32CubeIDE\plugins\com.st.stm32cube.common.mx_6.9.1.202307191849
2023-09-08 08:44:21,563 [INFO] PluginManage:196 - Search for loadable plugins [exclusion list=, ]
2023-09-08 08:44:21,563 [INFO] PluginManage:310 - Check plugin analytics
2023-09-08 08:44:21,671 [INFO] AnalyticsPlugin:253 - Accepted Software Licenses: 
2023-09-08 08:44:21,671 [INFO] AnalyticsPlugin:255 - Accepted CMSIS Pack Licenses: 
2023-09-08 08:44:21,671 [INFO] AnalyticsPlugin:257 - Accepted Firmware Licenses: FW.F4.1.27.0
2023-09-08 08:44:21,674 [INFO] PluginManage:359 - Loaded plugin analytics (category:tool,tabindex:-1)
2023-09-08 08:44:21,674 [INFO] PluginManage:310 - Check plugin cadmodel
2023-09-08 08:44:21,686 [INFO] CADModel:105 - Init CAD model plugin
2023-09-08 08:44:21,687 [INFO] PluginManage:359 - Loaded plugin cadmodel (category:power,tabindex:5)
2023-09-08 08:44:21,687 [INFO] PluginManage:310 - Check plugin clock
2023-09-08 08:44:21,700 [INFO] PluginManage:359 - Loaded plugin clock (category:base,tabindex:2)
2023-09-08 08:44:21,701 [INFO] PluginManage:310 - Check plugin ddr
2023-09-08 08:44:21,702 [INFO] PluginManage:359 - Loaded plugin ddr (category:tool,tabindex:6)
2023-09-08 08:44:21,702 [INFO] PluginManage:310 - Check plugin filemanager
2023-09-08 08:44:21,811 [INFO] PluginManage:359 - Loaded plugin filemanager (category:base,tabindex:10)
2023-09-08 08:44:21,811 [INFO] PluginManage:310 - Check plugin ipmanager
2023-09-08 08:44:21,817 [INFO] PluginManage:359 - Loaded plugin ipmanager (category:base,tabindex:5)
2023-09-08 08:44:21,817 [INFO] PluginManage:310 - Check plugin lpbam
2023-09-08 08:44:21,829 [INFO] PluginManage:359 - Loaded plugin lpbam (category:base,tabindex:0)
2023-09-08 08:44:21,830 [INFO] PluginManage:310 - Check plugin memorymap
2023-09-08 08:44:21,848 [INFO] PluginManage:359 - Loaded plugin memorymap (category:base,tabindex:4)
2023-09-08 08:44:21,848 [INFO] PluginManage:310 - Check plugin pinoutandconfiguration
2023-09-08 08:44:21,859 [INFO] PluginManage:359 - Loaded plugin pinoutandconfiguration (category:base,tabindex:1)
2023-09-08 08:44:21,859 [INFO] PluginManage:310 - Check plugin pinoutconfig
2023-09-08 08:44:21,927 [WARN] SupportedApi:132 - Cannot load RTOS API schema: s4s-elt-must-match.1: The content of 'definitions' must match (annotation?, (simpleType | complexType)?, (unique | key | keyref)*)). A problem was found starting at: attribute.
2023-09-08 08:44:22,023 [INFO] PluginManage:359 - Loaded plugin pinoutconfig (category:base,tabindex:0)
2023-09-08 08:44:22,023 [INFO] PluginManage:310 - Check plugin power
2023-09-08 08:44:22,037 [INFO] PluginManage:359 - Loaded plugin power (category:power,tabindex:4)
2023-09-08 08:44:22,037 [INFO] PluginManage:310 - Check plugin projectmanager
2023-09-08 08:44:22,046 [INFO] PluginManage:359 - Loaded plugin projectmanager (category:projectmanager,tabindex:3)
2023-09-08 08:44:22,046 [INFO] PluginManage:310 - Check plugin thirdparty
2023-09-08 08:44:22,217 [INFO] PluginManage:359 - Loaded plugin thirdparty (category:base,tabindex:-1)
2023-09-08 08:44:22,218 [INFO] PluginManage:310 - Check plugin tools
2023-09-08 08:44:22,217 [WARN] IntegrityCheckThread:84 - waiting for thirdparty lock release [integrity check]
2023-09-08 08:44:22,218 [INFO] IntegrityCheckThread:86 - entering critical section [integrity check]
2023-09-08 08:44:22,218 [INFO] ThirdPartyUpdaterWithRetryManager:70 - Updater plugin not ready yet. [1/15]
2023-09-08 08:44:22,239 [INFO] PluginManage:359 - Loaded plugin tools (category:base,tabindex:7)
2023-09-08 08:44:22,239 [INFO] PluginManage:310 - Check plugin tutovideos
2023-09-08 08:44:22,371 [INFO] PluginManage:359 - Loaded plugin tutovideos (category:base,tabindex:-1)
2023-09-08 08:44:22,371 [INFO] PluginManage:310 - Check plugin updater
2023-09-08 08:44:22,380 [INFO] PluginManage:359 - Loaded plugin updater (category:base,tabindex:12)
2023-09-08 08:44:22,381 [INFO] PluginManage:310 - Check plugin userauth
2023-09-08 08:44:22,385 [INFO] UserAuth:113 - Init User Auth plugin
2023-09-08 08:44:22,385 [INFO] PluginManage:359 - Loaded plugin userauth (category:base,tabindex:14)
2023-09-08 08:44:22,385 [INFO] PluginManage:283 - PluginManage : Loaded plugins [17]
2023-09-08 08:44:22,540 [INFO] PinOutPanel:1499 - setPackage(No Configuration,No Configuration)
2023-09-08 08:44:22,603 [INFO] CADModel:165 - CPN selected for project level
2023-09-08 08:44:22,604 [INFO] CADModel:114 - Register for checkConnection events
2023-09-08 08:44:22,621 [INFO] IPUIPlugin:80 - create IPUIPlugin
2023-09-08 08:44:22,621 [INFO] PluginManager:220 - loadIPPluginJar : add adc
2023-09-08 08:44:22,641 [INFO] IPUIPlugin:80 - create IPUIPlugin
2023-09-08 08:44:22,641 [INFO] PluginManager:220 - loadIPPluginJar : add aes
2023-09-08 08:44:22,662 [INFO] IPUIPlugin:80 - create IPUIPlugin
2023-09-08 08:44:22,663 [INFO] PluginManager:220 - loadIPPluginJar : add can
2023-09-08 08:44:22,675 [INFO] IPUIPlugin:80 - create IPUIPlugin
2023-09-08 08:44:22,675 [INFO] PluginManager:220 - loadIPPluginJar : add comp
2023-09-08 08:44:22,693 [INFO] IPUIPlugin:80 - create IPUIPlugin
2023-09-08 08:44:22,693 [INFO] PluginManager:220 - loadIPPluginJar : add cryp
2023-09-08 08:44:22,708 [INFO] IPUIPlugin:80 - create IPUIPlugin
2023-09-08 08:44:22,708 [INFO] PluginManager:220 - loadIPPluginJar : add dfsdm
2023-09-08 08:44:22,717 [INFO] IPUIPlugin:80 - create IPUIPlugin
2023-09-08 08:44:22,718 [INFO] PluginManager:220 - loadIPPluginJar : add dma
2023-09-08 08:44:22,740 [INFO] IPUIPlugin:80 - create IPUIPlugin
2023-09-08 08:44:22,740 [INFO] PluginManager:220 - loadIPPluginJar : add dma3
2023-09-08 08:44:22,751 [INFO] IPUIPlugin:80 - create IPUIPlugin
2023-09-08 08:44:22,751 [INFO] PluginManager:220 - loadIPPluginJar : add fatfs
2023-09-08 08:44:22,777 [INFO] IPUIPlugin:80 - create IPUIPlugin
2023-09-08 08:44:22,777 [INFO] PluginManager:220 - loadIPPluginJar : add fmc
2023-09-08 08:44:22,786 [INFO] IPUIPlugin:80 - create IPUIPlugin
2023-09-08 08:44:22,786 [INFO] PluginManager:220 - loadIPPluginJar : add freertos
2023-09-08 08:44:22,797 [INFO] IPUIPlugin:80 - create IPUIPlugin
2023-09-08 08:44:22,797 [INFO] PluginManager:220 - loadIPPluginJar : add genericplugin
2023-09-08 08:44:22,843 [INFO] IPUIPlugin:80 - create IPUIPlugin
2023-09-08 08:44:22,844 [INFO] PluginManager:220 - loadIPPluginJar : add gfxmmu
2023-09-08 08:44:22,910 [INFO] IPUIPlugin:80 - create IPUIPlugin
2023-09-08 08:44:22,911 [INFO] PluginManager:220 - loadIPPluginJar : add gic
2023-09-08 08:44:22,919 [INFO] IPUIPlugin:80 - create IPUIPlugin
2023-09-08 08:44:22,919 [INFO] PluginManager:220 - loadIPPluginJar : add gpio
2023-09-08 08:44:22,967 [INFO] IPUIPlugin:80 - create IPUIPlugin
2023-09-08 08:44:22,968 [INFO] PluginManager:220 - loadIPPluginJar : add gtzc
2023-09-08 08:44:22,985 [INFO] IPUIPlugin:80 - create IPUIPlugin
2023-09-08 08:44:22,985 [INFO] PluginManager:220 - loadIPPluginJar : add hash
2023-09-08 08:44:23,012 [INFO] IPUIPlugin:80 - create IPUIPlugin
2023-09-08 08:44:23,012 [INFO] PluginManager:220 - loadIPPluginJar : add i2c
2023-09-08 08:44:23,032 [INFO] IPUIPlugin:80 - create IPUIPlugin
2023-09-08 08:44:23,032 [INFO] PluginManager:220 - loadIPPluginJar : add i2s
2023-09-08 08:44:23,053 [INFO] IPUIPlugin:80 - create IPUIPlugin
2023-09-08 08:44:23,053 [INFO] PluginManager:220 - loadIPPluginJar : add i3c
2023-09-08 08:44:23,108 [INFO] IPUIPlugin:80 - create IPUIPlugin
2023-09-08 08:44:23,108 [INFO] PluginManager:220 - loadIPPluginJar : add ipddr
2023-09-08 08:44:23,157 [INFO] IPUIPlugin:80 - create IPUIPlugin
2023-09-08 08:44:23,157 [INFO] PluginManager:220 - loadIPPluginJar : add linkedlist
2023-09-08 08:44:23,176 [INFO] IPUIPlugin:80 - create IPUIPlugin
2023-09-08 08:44:23,176 [INFO] PluginManager:220 - loadIPPluginJar : add lorawan
2023-09-08 08:44:23,194 [INFO] IPUIPlugin:80 - create IPUIPlugin
2023-09-08 08:44:23,194 [INFO] PluginManager:220 - loadIPPluginJar : add ltdc
2023-09-08 08:44:23,203 [INFO] IPUIPlugin:80 - create IPUIPlugin
2023-09-08 08:44:23,203 [INFO] PluginManager:220 - loadIPPluginJar : add mdma
2023-09-08 08:44:23,210 [INFO] IPUIPlugin:80 - create IPUIPlugin
2023-09-08 08:44:23,210 [INFO] PluginManager:220 - loadIPPluginJar : add nvic
2023-09-08 08:44:23,229 [INFO] IPUIPlugin:80 - create IPUIPlugin
2023-09-08 08:44:23,229 [INFO] PluginManager:220 - loadIPPluginJar : add opamp
2023-09-08 08:44:23,260 [INFO] IPUIPlugin:80 - create IPUIPlugin
2023-09-08 08:44:23,260 [INFO] PluginManager:220 - loadIPPluginJar : add openamp
2023-09-08 08:44:23,282 [INFO] IPUIPlugin:80 - create IPUIPlugin
2023-09-08 08:44:23,282 [INFO] PluginManager:220 - loadIPPluginJar : add pdm2pcm
2023-09-08 08:44:23,291 [INFO] IPUIPlugin:80 - create IPUIPlugin
2023-09-08 08:44:23,293 [INFO] PluginManager:220 - loadIPPluginJar : add plateformsettings
2023-09-08 08:44:23,305 [INFO] IPUIPlugin:80 - create IPUIPlugin
2023-09-08 08:44:23,305 [INFO] PluginManager:220 - loadIPPluginJar : add quadspi
2023-09-08 08:44:23,313 [INFO] IPUIPlugin:80 - create IPUIPlugin
2023-09-08 08:44:23,313 [INFO] PluginManager:220 - loadIPPluginJar : add resmgrutility
2023-09-08 08:44:23,339 [INFO] IPUIPlugin:80 - create IPUIPlugin
2023-09-08 08:44:23,339 [INFO] PluginManager:220 - loadIPPluginJar : add sai
2023-09-08 08:44:23,358 [INFO] IPUIPlugin:80 - create IPUIPlugin
2023-09-08 08:44:23,358 [INFO] PluginManager:220 - loadIPPluginJar : add spi
2023-09-08 08:44:23,388 [INFO] IPUIPlugin:80 - create IPUIPlugin
2023-09-08 08:44:23,388 [INFO] PluginManager:220 - loadIPPluginJar : add stm32_wpan
2023-09-08 08:44:23,401 [INFO] IPUIPlugin:80 - create IPUIPlugin
2023-09-08 08:44:23,401 [INFO] PluginManager:220 - loadIPPluginJar : add tim
2023-09-08 08:44:23,429 [INFO] IPUIPlugin:80 - create IPUIPlugin
2023-09-08 08:44:23,429 [INFO] PluginManager:220 - loadIPPluginJar : add touchsensing
2023-09-08 08:44:23,440 [INFO] IPUIPlugin:80 - create IPUIPlugin
2023-09-08 08:44:23,440 [INFO] PluginManager:220 - loadIPPluginJar : add tracer_emb
2023-09-08 08:44:23,452 [INFO] IPUIPlugin:80 - create IPUIPlugin
2023-09-08 08:44:23,452 [INFO] PluginManager:220 - loadIPPluginJar : add ts
2023-09-08 08:44:23,463 [INFO] IPUIPlugin:80 - create IPUIPlugin
2023-09-08 08:44:23,463 [INFO] PluginManager:220 - loadIPPluginJar : add tsc
2023-09-08 08:44:23,475 [INFO] IPUIPlugin:80 - create IPUIPlugin
2023-09-08 08:44:23,475 [INFO] PluginManager:220 - loadIPPluginJar : add ucpd
2023-09-08 08:44:23,497 [INFO] IPUIPlugin:80 - create IPUIPlugin
2023-09-08 08:44:23,497 [INFO] PluginManager:220 - loadIPPluginJar : add usart
2023-09-08 08:44:23,520 [INFO] IPUIPlugin:80 - create IPUIPlugin
2023-09-08 08:44:23,521 [INFO] PluginManager:220 - loadIPPluginJar : add usbx
2023-09-08 08:44:23,625 [INFO] CADModel:165 - CPN selected for project level
2023-09-08 08:44:23,625 [INFO] CADModel:114 - Register for checkConnection events
2023-09-08 08:44:23,626 [FATAL] Updater:308 - Updater called before beeing initialized
2023-09-08 08:44:23,626 [ERROR] CADModel:125 - Updater not yet initialized, retry later 
2023-09-08 08:44:23,707 [INFO] CADModel:165 - CPN selected for project level
2023-09-08 08:44:23,707 [INFO] CADModel:114 - Register for checkConnection events
2023-09-08 08:44:23,707 [FATAL] Updater:308 - Updater called before beeing initialized
2023-09-08 08:44:23,707 [ERROR] CADModel:125 - Updater not yet initialized, retry later 
2023-09-08 08:44:23,709 [FATAL] Updater:308 - Updater called before beeing initialized
2023-09-08 08:44:23,770 [FATAL] Updater:308 - Updater called before beeing initialized
2023-09-08 08:44:23,778 [INFO] DbMcusAds:53 - JSON generation date=Tue Mar 07 17:50:55 KST 2023 (1678179055114)
2023-09-08 08:44:23,778 [FATAL] Updater:308 - Updater called before beeing initialized
2023-09-08 08:44:23,803 [WARN] DetailPanel:346 - Failed to get advertising image, set to default
2023-09-08 08:44:23,860 [FATAL] Updater:308 - Updater called before beeing initialized
2023-09-08 08:44:23,862 [FATAL] Updater:308 - Updater called before beeing initialized
2023-09-08 08:44:23,862 [FATAL] Updater:308 - Updater called before beeing initialized
2023-09-08 08:44:23,862 [WARN] DetailPanel:346 - Failed to get advertising image, set to default
2023-09-08 08:44:23,862 [FATAL] Updater:308 - Updater called before beeing initialized
2023-09-08 08:44:23,896 [ERROR] Updater:1120 - MainUpdater not yet initialized. External WinMGr cannot be set.
2023-09-08 08:44:23,903 [INFO] Updater:1056 - Updater Version found : 6.9.1
2023-09-08 08:44:23,917 [INFO] ApplicationProperties:184 - Using Application install path: C:\ST\STM32CubeIDE_1.13.1\STM32CubeIDE\plugins\com.st.stm32cube.common.mx_6.9.1.202307191849
2023-09-08 08:44:24,059 [INFO] MainUpdater:2868 - connection check result : 10
2023-09-08 08:44:24,059 [INFO] MainUpdater:285 - Updater Check For Update Now.
2023-09-08 08:44:24,059 [INFO] MicroXplorer:498 - Change Database Version : DB.6.0.91
2023-09-08 08:44:24,077 [INFO] McuFinderGlobals:63 - Set McuFinder mode to 2 (CubeIDE integrated)
2023-09-08 08:44:24,077 [INFO] UserAuth:179 - activating auth plugin
2023-09-08 08:44:24,081 [INFO] UserAuth:393 - Internet connection configuration mode: 1
2023-09-08 08:44:24,101 [INFO] JxBrowserEngine:151 - Initiate JxBrowser Engine with user profile folder
2023-09-08 08:44:24,224 [INFO] CheckServerUpdateThread:120 - End of CheckServer Thread
2023-09-08 08:44:25,596 [WARN] PackLoader:240 - Cannot read IP mode file for STMicroelectronics.X-CUBE-GNSS1.6.0.0
2023-09-08 08:44:25,634 [WARN] PackLoader:240 - Cannot read IP mode file for STMicroelectronics.X-CUBE-AZRTOS-F4.1.1.0
2023-09-08 08:44:25,653 [WARN] PackLoader:240 - Cannot read IP mode file for STMicroelectronics.X-CUBE-SMBUS.2.1.0
2023-09-08 08:44:25,673 [WARN] PackLoader:240 - Cannot read IP mode file for STMicroelectronics.X-CUBE-AZRTOS-F7.1.1.0
2023-09-08 08:44:25,720 [WARN] PackLoader:240 - Cannot read IP mode file for STMicroelectronics.X-CUBE-MEMS1.9.6.0
2023-09-08 08:44:25,835 [WARN] PackLoader:240 - Cannot read IP mode file for STMicroelectronics.FP-SNS-MOTENV1.4.3.2
2023-09-08 08:44:25,848 [WARN] PackLoader:240 - Cannot read IP mode file for STMicroelectronics.X-CUBE-BLEMGR.2.0.0
2023-09-08 08:44:25,869 [WARN] ConditionMgr:438 - getConditionDescription Invalid condition id : UX DEVICE CLASS RTOS Condition cause : null
2023-09-08 08:44:25,869 [WARN] ConditionMgr:438 - getConditionDescription Invalid condition id : UX DEVICE CLASS RTOS Condition cause : null
2023-09-08 08:44:25,871 [WARN] PackLoader:240 - Cannot read IP mode file for STMicroelectronics.X-CUBE-AZRTOS-H7.3.1.0
2023-09-08 08:44:25,872 [WARN] ConditionMgr:1039 - genDependencies : Invalid condition id : UX DEVICE CLASS RTOS Condition cause : null
2023-09-08 08:44:25,872 [WARN] ConditionMgr:1039 - genDependencies : Invalid condition id : UX DEVICE CLASS RTOS Condition cause : null
2023-09-08 08:44:25,872 [WARN] ConditionMgr:1039 - genDependencies : Invalid condition id : UX DEVICE CLASS RTOS Condition cause : null
2023-09-08 08:44:25,873 [WARN] ConditionMgr:1039 - genDependencies : Invalid condition id : UX DEVICE CLASS RTOS Condition cause : null
2023-09-08 08:44:25,873 [WARN] ConditionMgr:1039 - genDependencies : Invalid condition id : UX DEVICE CLASS RTOS Condition cause : null
2023-09-08 08:44:25,887 [WARN] PackLoader:240 - Cannot read IP mode file for STMicroelectronics.X-CUBE-DISPLAY.3.0.0
2023-09-08 08:44:25,900 [WARN] PackLoader:240 - Cannot read IP mode file for STMicroelectronics.X-CUBE-TOUCHGFX.4.22.0
2023-09-08 08:44:25,904 [INFO] WebApp:157 - Instantiating new browser for Auth
2023-09-08 08:44:25,912 [WARN] PackLoader:240 - Cannot read IP mode file for STMicroelectronics.X-CUBE-NFC7.1.0.1
2023-09-08 08:44:25,931 [WARN] PackLoader:240 - Cannot read IP mode file for STMicroelectronics.X-CUBE-EEPRMA1.4.1.0
2023-09-08 08:44:25,952 [INFO] LogOutputStream:77 - [STDOUT_REDIRECT] 1 : Invalid condition id : UX_CORESTACK_Condition cause : null
2023-09-08 08:44:25,953 [INFO] LogOutputStream:77 - [STDOUT_REDIRECT] 1 : Invalid condition id : UX_CORESTACK_Condition cause : null
2023-09-08 08:44:25,954 [INFO] LogOutputStream:77 - [STDOUT_REDIRECT] 1 : Invalid condition id : UX_CORESTACK_Condition cause : null
2023-09-08 08:44:25,955 [INFO] LogOutputStream:77 - [STDOUT_REDIRECT] 1 : Invalid condition id : UX_CORESTACK_Condition cause : null
2023-09-08 08:44:25,956 [INFO] LogOutputStream:77 - [STDOUT_REDIRECT] 1 : Invalid condition id : UX_CORESTACK_Condition cause : null
2023-09-08 08:44:25,958 [WARN] PackLoader:240 - Cannot read IP mode file for STMicroelectronics.X-CUBE-AZRTOS-WL.2.0.0
2023-09-08 08:44:25,990 [WARN] ConditionMgr:438 - getConditionDescription Invalid condition id : LAN8742 Phy interface Condition cause : null
2023-09-08 08:44:25,991 [WARN] PackLoader:240 - Cannot read IP mode file for STMicroelectronics.X-CUBE-AZRTOS-L4.2.0.0
2023-09-08 08:44:25,991 [WARN] ConditionMgr:1039 - genDependencies : Invalid condition id : LAN8742 Phy interface Condition cause : null
2023-09-08 08:44:25,992 [WARN] ConditionMgr:1039 - genDependencies : Invalid condition id : LAN8742 Phy interface Condition cause : null
2023-09-08 08:44:25,992 [WARN] ConditionMgr:1039 - genDependencies : Invalid condition id : LAN8742 Phy interface Condition cause : null
2023-09-08 08:44:26,006 [WARN] PackLoader:240 - Cannot read IP mode file for STMicroelectronics.X-CUBE-SFXS2LP1.4.0.0
2023-09-08 08:44:26,016 [WARN] PackLoader:240 - Cannot read IP mode file for STMicroelectronics.X-CUBE-BLE2.3.3.0
2023-09-08 08:44:26,025 [WARN] PackLoader:240 - Cannot read IP mode file for STMicroelectronics.X-CUBE-ISPU.1.1.0
2023-09-08 08:44:26,036 [WARN] PackLoader:240 - Cannot read IP mode file for STMicroelectronics.X-CUBE-ALGOBUILD.1.3.0
2023-09-08 08:44:26,057 [WARN] PackLoader:240 - Cannot read IP mode file for STMicroelectronics.X-CUBE-AZRTOS-G0.1.1.0
2023-09-08 08:44:26,076 [WARN] PackLoader:240 - Cannot read IP mode file for STMicroelectronics.X-CUBE-SUBG2.5.0.0
2023-09-08 08:44:26,092 [WARN] PackLoader:240 - Cannot read IP mode file for STMicroelectronics.X-CUBE-NFC4.3.0.0
2023-09-08 08:44:26,110 [WARN] PackLoader:240 - Cannot read IP mode file for STMicroelectronics.X-CUBE-AZRTOS-G4.2.0.0
2023-09-08 08:44:26,121 [WARN] PackLoader:240 - Cannot read IP mode file for STMicroelectronics.FP-ATR-SIGFOX1.3.2.0
2023-09-08 08:44:26,132 [WARN] PackLoader:240 - Cannot read IP mode file for STMicroelectronics.X-CUBE-ALS.1.0.1
2023-09-08 08:44:26,141 [WARN] PackLoader:240 - Cannot read IP mode file for STMicroelectronics.FP-ATR-ASTRA1.2.0.0
2023-09-08 08:44:26,142 [INFO] ThirdParty:978 - Integrity check success = true
2023-09-08 08:44:26,142 [INFO] IntegrityCheckThread:100 - exiting critical section [integrity check]
2023-09-08 08:44:26,142 [INFO] IntegrityCheckThread:103 - End integrity checks thread
2023-09-08 08:44:26,405 [INFO] WebApp:753 - Register for checkConnection events
2023-09-08 08:44:26,405 [INFO] WebApp:390 - Apply proxy settings
2023-09-08 08:44:26,405 [INFO] WebApp:475 - Chromium requires no authentication
2023-09-08 08:44:26,410 [INFO] WebApp:418 - Direct internet connection detected
2023-09-08 08:44:26,514 [INFO] WebApp:188 - Starting web application
2023-09-08 08:44:26,514 [INFO] WebApp:520 - Web application path used C:\ST\STM32CubeIDE_1.13.1\STM32CubeIDE\plugins\com.st.stm32cube.common.mx_6.9.1.202307191849\db\plugins\mcufinder\reactClient1\index.html
2023-09-08 08:44:47,093 [ERROR] LogOutputStream:75 - [STDERR_REDIRECT] SLF4J: Failed to load class "org.slf4j.impl.StaticLoggerBinder".
2023-09-08 08:44:47,093 [ERROR] LogOutputStream:75 - [STDERR_REDIRECT] SLF4J: Defaulting to no-operation (NOP) logger implementation
2023-09-08 08:44:47,094 [ERROR] LogOutputStream:75 - [STDERR_REDIRECT] SLF4J: See http://www.slf4j.org/codes.html#StaticLoggerBinder for further details.
2023-09-08 08:45:36,817 [ERROR] LogOutputStream:75 - [STDERR_REDIRECT] 
2023-09-08 09:07:57,599 [INFO] Activator:176 - 


2023-09-08 09:07:57,600 [INFO] Activator:177 - !SESSION log4j initialized
2023-09-08 09:08:00,415 [INFO] LogOutputStream:77 - [STDOUT_REDIRECT] 
2023-09-08 09:08:01,097 [INFO] ApplicationProperties:184 - Using Application install path: C:\ST\STM32CubeIDE_1.13.1\STM32CubeIDE\plugins\com.st.stm32cube.common.mx_6.9.1.202307191849
2023-09-08 09:08:01,111 [INFO] DbMcusXml:78 - Set database path to: C:\ST\STM32CubeIDE_1.13.1\STM32CubeIDE\plugins\com.st.stm32cube.common.mx_6.9.1.202307191849\\db\/mcu/
2023-09-08 09:08:01,111 [INFO] ApiDb:274 - Set plugin database path to: C:\ST\STM32CubeIDE_1.13.1\STM32CubeIDE\plugins\com.st.stm32cube.common.mx_6.9.1.202307191849\\db\/plugins/boardmanager/
2023-09-08 09:08:01,111 [WARN] ApiDb:259 - Overriding images path with different value:  => C:\ST\STM32CubeIDE_1.13.1\STM32CubeIDE\plugins\com.st.stm32cube.common.mx_6.9.1.202307191849\\db\/plugins/mcufinder/images/
2023-09-08 09:08:01,117 [INFO] ApiDb:250 - Set database path to: C:\Users\user\.stmcufinder\plugins\mcufinder//mcu/
2023-09-08 09:08:01,118 [INFO] DbMcusAds:125 - Set database path to: C:\Users\user\.stmcufinder\plugins\mcufinder//mcu/
2023-09-08 09:08:01,119 [INFO] CrossReferenceDbSqlite:203 - Set database path to: C:\Users\user\.stmcufinder\plugins\mcufinder//mcu/cs/
2023-09-08 09:08:01,187 [INFO] RulesReader:64 - Compatibility file has been processed (293 Rules)
2023-09-08 09:08:01,234 [INFO] DbMcusXml:78 - Set database path to: C:\ST\STM32CubeIDE_1.13.1\STM32CubeIDE\plugins\com.st.stm32cube.common.mx_6.9.1.202307191849\\db\/mcu/
2023-09-08 09:08:01,234 [INFO] ApiDb:274 - Set plugin database path to: C:\ST\STM32CubeIDE_1.13.1\STM32CubeIDE\plugins\com.st.stm32cube.common.mx_6.9.1.202307191849\\db\/plugins/boardmanager/
2023-09-08 09:08:01,234 [INFO] ApiDb:261 - Set plugin images path to: C:\ST\STM32CubeIDE_1.13.1\STM32CubeIDE\plugins\com.st.stm32cube.common.mx_6.9.1.202307191849\\db\/plugins/mcufinder/images/
2023-09-08 09:08:01,234 [WARN] DbFile:41 - Overriding database path with different value: C:\Users\user\.stmcufinder\plugins\mcufinder/ => C:\Users\user\.stmcufinder\plugins\mcufinder
2023-09-08 09:08:01,234 [INFO] ApiDb:250 - Set database path to: C:\Users\user\.stmcufinder\plugins\mcufinder//mcu/
2023-09-08 09:08:01,234 [WARN] DbFile:41 - Overriding database path with different value: C:\Users\user\.stmcufinder\plugins\mcufinder/ => C:\Users\user\.stmcufinder\plugins\mcufinder
2023-09-08 09:08:01,234 [INFO] DbMcusAds:125 - Set database path to: C:\Users\user\.stmcufinder\plugins\mcufinder//mcu/
2023-09-08 09:08:01,235 [WARN] DbFile:41 - Overriding database path with different value: C:\Users\user\.stmcufinder\plugins\mcufinder/ => C:\Users\user\.stmcufinder\plugins\mcufinder
2023-09-08 09:08:01,235 [WARN] DbFile:41 - Overriding database path with different value: C:\Users\user\.stmcufinder\plugins\mcufinder/ => C:\Users\user\.stmcufinder\plugins\mcufinder
2023-09-08 09:08:01,235 [INFO] CrossReferenceDbSqlite:203 - Set database path to: C:\Users\user\.stmcufinder\plugins\mcufinder//mcu/cs/
2023-09-08 09:08:01,274 [INFO] MainPanel:262 - HeapMemory: 268435456
2023-09-08 09:08:01,315 [INFO] DbMcusXml:78 - Set database path to: C:\ST\STM32CubeIDE_1.13.1\STM32CubeIDE\plugins\com.st.stm32cube.common.mx_6.9.1.202307191849\\db\/mcu/
2023-09-08 09:08:01,316 [INFO] ApiDb:274 - Set plugin database path to: C:\ST\STM32CubeIDE_1.13.1\STM32CubeIDE\plugins\com.st.stm32cube.common.mx_6.9.1.202307191849\\db\/plugins/boardmanager/
2023-09-08 09:08:01,316 [INFO] ApiDb:261 - Set plugin images path to: C:\ST\STM32CubeIDE_1.13.1\STM32CubeIDE\plugins\com.st.stm32cube.common.mx_6.9.1.202307191849\\db\/plugins/mcufinder/images/
2023-09-08 09:08:01,316 [WARN] DbFile:41 - Overriding database path with different value: C:\Users\user\.stmcufinder\plugins\mcufinder/ => C:\Users\user\.stmcufinder\plugins\mcufinder
2023-09-08 09:08:01,316 [INFO] ApiDb:250 - Set database path to: C:\Users\user\.stmcufinder\plugins\mcufinder//mcu/
2023-09-08 09:08:01,316 [WARN] DbFile:41 - Overriding database path with different value: C:\Users\user\.stmcufinder\plugins\mcufinder/ => C:\Users\user\.stmcufinder\plugins\mcufinder
2023-09-08 09:08:01,316 [INFO] DbMcusAds:125 - Set database path to: C:\Users\user\.stmcufinder\plugins\mcufinder//mcu/
2023-09-08 09:08:01,316 [WARN] DbFile:41 - Overriding database path with different value: C:\Users\user\.stmcufinder\plugins\mcufinder/ => C:\Users\user\.stmcufinder\plugins\mcufinder
2023-09-08 09:08:01,316 [WARN] DbFile:41 - Overriding database path with different value: C:\Users\user\.stmcufinder\plugins\mcufinder/ => C:\Users\user\.stmcufinder\plugins\mcufinder
2023-09-08 09:08:01,316 [INFO] CrossReferenceDbSqlite:203 - Set database path to: C:\Users\user\.stmcufinder\plugins\mcufinder//mcu/cs/
2023-09-08 09:08:01,329 [INFO] ApplicationProperties:184 - Using Application install path: C:\ST\STM32CubeIDE_1.13.1\STM32CubeIDE\plugins\com.st.stm32cube.common.mx_6.9.1.202307191849
2023-09-08 09:08:01,330 [INFO] PluginManage:196 - Search for loadable plugins [exclusion list=, ]
2023-09-08 09:08:01,330 [INFO] PluginManage:310 - Check plugin analytics
2023-09-08 09:08:01,425 [INFO] AnalyticsPlugin:253 - Accepted Software Licenses: 
2023-09-08 09:08:01,425 [INFO] AnalyticsPlugin:255 - Accepted CMSIS Pack Licenses: 
2023-09-08 09:08:01,425 [INFO] AnalyticsPlugin:257 - Accepted Firmware Licenses: FW.F4.1.27.0
2023-09-08 09:08:01,428 [INFO] PluginManage:359 - Loaded plugin analytics (category:tool,tabindex:-1)
2023-09-08 09:08:01,429 [INFO] PluginManage:310 - Check plugin cadmodel
2023-09-08 09:08:01,434 [INFO] CADModel:105 - Init CAD model plugin
2023-09-08 09:08:01,434 [INFO] PluginManage:359 - Loaded plugin cadmodel (category:power,tabindex:5)
2023-09-08 09:08:01,434 [INFO] PluginManage:310 - Check plugin clock
2023-09-08 09:08:01,441 [INFO] PluginManage:359 - Loaded plugin clock (category:base,tabindex:2)
2023-09-08 09:08:01,441 [INFO] PluginManage:310 - Check plugin ddr
2023-09-08 09:08:01,442 [INFO] PluginManage:359 - Loaded plugin ddr (category:tool,tabindex:6)
2023-09-08 09:08:01,442 [INFO] PluginManage:310 - Check plugin filemanager
2023-09-08 09:08:01,524 [INFO] PluginManage:359 - Loaded plugin filemanager (category:base,tabindex:10)
2023-09-08 09:08:01,524 [INFO] PluginManage:310 - Check plugin ipmanager
2023-09-08 09:08:01,528 [INFO] PluginManage:359 - Loaded plugin ipmanager (category:base,tabindex:5)
2023-09-08 09:08:01,529 [INFO] PluginManage:310 - Check plugin lpbam
2023-09-08 09:08:01,534 [INFO] PluginManage:359 - Loaded plugin lpbam (category:base,tabindex:0)
2023-09-08 09:08:01,534 [INFO] PluginManage:310 - Check plugin memorymap
2023-09-08 09:08:01,543 [INFO] PluginManage:359 - Loaded plugin memorymap (category:base,tabindex:4)
2023-09-08 09:08:01,543 [INFO] PluginManage:310 - Check plugin pinoutandconfiguration
2023-09-08 09:08:01,547 [INFO] PluginManage:359 - Loaded plugin pinoutandconfiguration (category:base,tabindex:1)
2023-09-08 09:08:01,547 [INFO] PluginManage:310 - Check plugin pinoutconfig
2023-09-08 09:08:01,602 [WARN] SupportedApi:132 - Cannot load RTOS API schema: s4s-elt-must-match.1: The content of 'definitions' must match (annotation?, (simpleType | complexType)?, (unique | key | keyref)*)). A problem was found starting at: attribute.
2023-09-08 09:08:01,677 [INFO] PluginManage:359 - Loaded plugin pinoutconfig (category:base,tabindex:0)
2023-09-08 09:08:01,678 [INFO] PluginManage:310 - Check plugin power
2023-09-08 09:08:01,685 [INFO] PluginManage:359 - Loaded plugin power (category:power,tabindex:4)
2023-09-08 09:08:01,685 [INFO] PluginManage:310 - Check plugin projectmanager
2023-09-08 09:08:01,695 [INFO] PluginManage:359 - Loaded plugin projectmanager (category:projectmanager,tabindex:3)
2023-09-08 09:08:01,695 [INFO] PluginManage:310 - Check plugin thirdparty
2023-09-08 09:08:01,769 [INFO] PluginManage:359 - Loaded plugin thirdparty (category:base,tabindex:-1)
2023-09-08 09:08:01,768 [WARN] IntegrityCheckThread:84 - waiting for thirdparty lock release [integrity check]
2023-09-08 09:08:01,769 [INFO] PluginManage:310 - Check plugin tools
2023-09-08 09:08:01,769 [INFO] IntegrityCheckThread:86 - entering critical section [integrity check]
2023-09-08 09:08:01,769 [INFO] ThirdPartyUpdaterWithRetryManager:70 - Updater plugin not ready yet. [1/15]
2023-09-08 09:08:01,771 [INFO] PluginManage:359 - Loaded plugin tools (category:base,tabindex:7)
2023-09-08 09:08:01,771 [INFO] PluginManage:310 - Check plugin tutovideos
2023-09-08 09:08:01,867 [INFO] PluginManage:359 - Loaded plugin tutovideos (category:base,tabindex:-1)
2023-09-08 09:08:01,867 [INFO] PluginManage:310 - Check plugin updater
2023-09-08 09:08:01,873 [INFO] PluginManage:359 - Loaded plugin updater (category:base,tabindex:12)
2023-09-08 09:08:01,873 [INFO] PluginManage:310 - Check plugin userauth
2023-09-08 09:08:01,876 [INFO] UserAuth:113 - Init User Auth plugin
2023-09-08 09:08:01,876 [INFO] PluginManage:359 - Loaded plugin userauth (category:base,tabindex:14)
2023-09-08 09:08:01,877 [INFO] PluginManage:283 - PluginManage : Loaded plugins [17]
2023-09-08 09:08:02,009 [INFO] PinOutPanel:1499 - setPackage(No Configuration,No Configuration)
2023-09-08 09:08:02,068 [INFO] CADModel:165 - CPN selected for project level
2023-09-08 09:08:02,068 [INFO] CADModel:114 - Register for checkConnection events
2023-09-08 09:08:02,077 [INFO] IPUIPlugin:80 - create IPUIPlugin
2023-09-08 09:08:02,077 [INFO] PluginManager:220 - loadIPPluginJar : add adc
2023-09-08 09:08:02,078 [INFO] IPUIPlugin:80 - create IPUIPlugin
2023-09-08 09:08:02,078 [INFO] PluginManager:220 - loadIPPluginJar : add aes
2023-09-08 09:08:02,079 [INFO] IPUIPlugin:80 - create IPUIPlugin
2023-09-08 09:08:02,080 [INFO] PluginManager:220 - loadIPPluginJar : add can
2023-09-08 09:08:02,080 [INFO] IPUIPlugin:80 - create IPUIPlugin
2023-09-08 09:08:02,081 [INFO] PluginManager:220 - loadIPPluginJar : add comp
2023-09-08 09:08:02,082 [INFO] IPUIPlugin:80 - create IPUIPlugin
2023-09-08 09:08:02,082 [INFO] PluginManager:220 - loadIPPluginJar : add cryp
2023-09-08 09:08:02,083 [INFO] IPUIPlugin:80 - create IPUIPlugin
2023-09-08 09:08:02,083 [INFO] PluginManager:220 - loadIPPluginJar : add dfsdm
2023-09-08 09:08:02,086 [INFO] IPUIPlugin:80 - create IPUIPlugin
2023-09-08 09:08:02,086 [INFO] PluginManager:220 - loadIPPluginJar : add dma
2023-09-08 09:08:02,087 [INFO] IPUIPlugin:80 - create IPUIPlugin
2023-09-08 09:08:02,087 [INFO] PluginManager:220 - loadIPPluginJar : add dma3
2023-09-08 09:08:02,088 [INFO] IPUIPlugin:80 - create IPUIPlugin
2023-09-08 09:08:02,088 [INFO] PluginManager:220 - loadIPPluginJar : add fatfs
2023-09-08 09:08:02,090 [INFO] IPUIPlugin:80 - create IPUIPlugin
2023-09-08 09:08:02,090 [INFO] PluginManager:220 - loadIPPluginJar : add fmc
2023-09-08 09:08:02,092 [INFO] IPUIPlugin:80 - create IPUIPlugin
2023-09-08 09:08:02,092 [INFO] PluginManager:220 - loadIPPluginJar : add freertos
2023-09-08 09:08:02,093 [INFO] IPUIPlugin:80 - create IPUIPlugin
2023-09-08 09:08:02,093 [INFO] PluginManager:220 - loadIPPluginJar : add genericplugin
2023-09-08 09:08:02,094 [INFO] IPUIPlugin:80 - create IPUIPlugin
2023-09-08 09:08:02,094 [INFO] PluginManager:220 - loadIPPluginJar : add gfxmmu
2023-09-08 09:08:02,097 [INFO] IPUIPlugin:80 - create IPUIPlugin
2023-09-08 09:08:02,097 [INFO] PluginManager:220 - loadIPPluginJar : add gic
2023-09-08 09:08:02,099 [INFO] IPUIPlugin:80 - create IPUIPlugin
2023-09-08 09:08:02,099 [INFO] PluginManager:220 - loadIPPluginJar : add gpio
2023-09-08 09:08:02,100 [INFO] IPUIPlugin:80 - create IPUIPlugin
2023-09-08 09:08:02,100 [INFO] PluginManager:220 - loadIPPluginJar : add gtzc
2023-09-08 09:08:02,101 [INFO] IPUIPlugin:80 - create IPUIPlugin
2023-09-08 09:08:02,101 [INFO] PluginManager:220 - loadIPPluginJar : add hash
2023-09-08 09:08:02,102 [INFO] IPUIPlugin:80 - create IPUIPlugin
2023-09-08 09:08:02,102 [INFO] PluginManager:220 - loadIPPluginJar : add i2c
2023-09-08 09:08:02,103 [INFO] IPUIPlugin:80 - create IPUIPlugin
2023-09-08 09:08:02,103 [INFO] PluginManager:220 - loadIPPluginJar : add i2s
2023-09-08 09:08:02,104 [INFO] IPUIPlugin:80 - create IPUIPlugin
2023-09-08 09:08:02,104 [INFO] PluginManager:220 - loadIPPluginJar : add i3c
2023-09-08 09:08:02,106 [INFO] IPUIPlugin:80 - create IPUIPlugin
2023-09-08 09:08:02,106 [INFO] PluginManager:220 - loadIPPluginJar : add ipddr
2023-09-08 09:08:02,110 [INFO] IPUIPlugin:80 - create IPUIPlugin
2023-09-08 09:08:02,110 [INFO] PluginManager:220 - loadIPPluginJar : add linkedlist
2023-09-08 09:08:02,112 [INFO] IPUIPlugin:80 - create IPUIPlugin
2023-09-08 09:08:02,112 [INFO] PluginManager:220 - loadIPPluginJar : add lorawan
2023-09-08 09:08:02,112 [INFO] IPUIPlugin:80 - create IPUIPlugin
2023-09-08 09:08:02,113 [INFO] PluginManager:220 - loadIPPluginJar : add ltdc
2023-09-08 09:08:02,116 [INFO] IPUIPlugin:80 - create IPUIPlugin
2023-09-08 09:08:02,116 [INFO] PluginManager:220 - loadIPPluginJar : add mdma
2023-09-08 09:08:02,118 [INFO] IPUIPlugin:80 - create IPUIPlugin
2023-09-08 09:08:02,118 [INFO] PluginManager:220 - loadIPPluginJar : add nvic
2023-09-08 09:08:02,119 [INFO] IPUIPlugin:80 - create IPUIPlugin
2023-09-08 09:08:02,119 [INFO] PluginManager:220 - loadIPPluginJar : add opamp
2023-09-08 09:08:02,120 [INFO] IPUIPlugin:80 - create IPUIPlugin
2023-09-08 09:08:02,121 [INFO] PluginManager:220 - loadIPPluginJar : add openamp
2023-09-08 09:08:02,122 [INFO] IPUIPlugin:80 - create IPUIPlugin
2023-09-08 09:08:02,122 [INFO] PluginManager:220 - loadIPPluginJar : add pdm2pcm
2023-09-08 09:08:02,125 [INFO] IPUIPlugin:80 - create IPUIPlugin
2023-09-08 09:08:02,127 [INFO] PluginManager:220 - loadIPPluginJar : add plateformsettings
2023-09-08 09:08:02,127 [INFO] IPUIPlugin:80 - create IPUIPlugin
2023-09-08 09:08:02,128 [INFO] PluginManager:220 - loadIPPluginJar : add quadspi
2023-09-08 09:08:02,129 [INFO] IPUIPlugin:80 - create IPUIPlugin
2023-09-08 09:08:02,129 [INFO] PluginManager:220 - loadIPPluginJar : add resmgrutility
2023-09-08 09:08:02,131 [INFO] IPUIPlugin:80 - create IPUIPlugin
2023-09-08 09:08:02,131 [INFO] PluginManager:220 - loadIPPluginJar : add sai
2023-09-08 09:08:02,132 [INFO] IPUIPlugin:80 - create IPUIPlugin
2023-09-08 09:08:02,132 [INFO] PluginManager:220 - loadIPPluginJar : add spi
2023-09-08 09:08:02,134 [INFO] IPUIPlugin:80 - create IPUIPlugin
2023-09-08 09:08:02,134 [INFO] PluginManager:220 - loadIPPluginJar : add stm32_wpan
2023-09-08 09:08:02,135 [INFO] IPUIPlugin:80 - create IPUIPlugin
2023-09-08 09:08:02,135 [INFO] PluginManager:220 - loadIPPluginJar : add tim
2023-09-08 09:08:02,136 [INFO] IPUIPlugin:80 - create IPUIPlugin
2023-09-08 09:08:02,136 [INFO] PluginManager:220 - loadIPPluginJar : add touchsensing
2023-09-08 09:08:02,137 [INFO] IPUIPlugin:80 - create IPUIPlugin
2023-09-08 09:08:02,137 [INFO] PluginManager:220 - loadIPPluginJar : add tracer_emb
2023-09-08 09:08:02,138 [INFO] IPUIPlugin:80 - create IPUIPlugin
2023-09-08 09:08:02,138 [INFO] PluginManager:220 - loadIPPluginJar : add ts
2023-09-08 09:08:02,139 [INFO] IPUIPlugin:80 - create IPUIPlugin
2023-09-08 09:08:02,139 [INFO] PluginManager:220 - loadIPPluginJar : add tsc
2023-09-08 09:08:02,139 [INFO] IPUIPlugin:80 - create IPUIPlugin
2023-09-08 09:08:02,140 [INFO] PluginManager:220 - loadIPPluginJar : add ucpd
2023-09-08 09:08:02,141 [INFO] IPUIPlugin:80 - create IPUIPlugin
2023-09-08 09:08:02,141 [INFO] PluginManager:220 - loadIPPluginJar : add usart
2023-09-08 09:08:02,143 [INFO] IPUIPlugin:80 - create IPUIPlugin
2023-09-08 09:08:02,143 [INFO] PluginManager:220 - loadIPPluginJar : add usbx
2023-09-08 09:08:02,255 [INFO] CADModel:165 - CPN selected for project level
2023-09-08 09:08:02,255 [INFO] CADModel:114 - Register for checkConnection events
2023-09-08 09:08:02,256 [FATAL] Updater:308 - Updater called before beeing initialized
2023-09-08 09:08:02,256 [ERROR] CADModel:125 - Updater not yet initialized, retry later 
2023-09-08 09:08:02,328 [INFO] CADModel:165 - CPN selected for project level
2023-09-08 09:08:02,329 [INFO] CADModel:114 - Register for checkConnection events
2023-09-08 09:08:02,329 [FATAL] Updater:308 - Updater called before beeing initialized
2023-09-08 09:08:02,329 [ERROR] CADModel:125 - Updater not yet initialized, retry later 
2023-09-08 09:08:02,331 [FATAL] Updater:308 - Updater called before beeing initialized
2023-09-08 09:08:02,394 [FATAL] Updater:308 - Updater called before beeing initialized
2023-09-08 09:08:02,397 [INFO] DbMcusAds:53 - JSON generation date=Tue Mar 07 17:50:55 KST 2023 (1678179055114)
2023-09-08 09:08:02,397 [FATAL] Updater:308 - Updater called before beeing initialized
2023-09-08 09:08:02,418 [WARN] DetailPanel:346 - Failed to get advertising image, set to default
2023-09-08 09:08:02,474 [FATAL] Updater:308 - Updater called before beeing initialized
2023-09-08 09:08:02,475 [FATAL] Updater:308 - Updater called before beeing initialized
2023-09-08 09:08:02,476 [FATAL] Updater:308 - Updater called before beeing initialized
2023-09-08 09:08:02,476 [WARN] DetailPanel:346 - Failed to get advertising image, set to default
2023-09-08 09:08:02,477 [FATAL] Updater:308 - Updater called before beeing initialized
2023-09-08 09:08:02,512 [ERROR] Updater:1120 - MainUpdater not yet initialized. External WinMGr cannot be set.
2023-09-08 09:08:02,513 [INFO] Updater:1056 - Updater Version found : 6.9.1
2023-09-08 09:08:02,525 [INFO] ApplicationProperties:184 - Using Application install path: C:\ST\STM32CubeIDE_1.13.1\STM32CubeIDE\plugins\com.st.stm32cube.common.mx_6.9.1.202307191849
2023-09-08 09:08:02,623 [INFO] MainUpdater:2868 - connection check result : 10
2023-09-08 09:08:02,624 [INFO] MainUpdater:285 - Updater Check For Update Now.
2023-09-08 09:08:02,624 [INFO] MicroXplorer:498 - Change Database Version : DB.6.0.91
2023-09-08 09:08:02,629 [INFO] McuFinderGlobals:63 - Set McuFinder mode to 2 (CubeIDE integrated)
2023-09-08 09:08:02,629 [INFO] UserAuth:179 - activating auth plugin
2023-09-08 09:08:02,631 [INFO] UserAuth:393 - Internet connection configuration mode: 1
2023-09-08 09:08:02,645 [INFO] JxBrowserEngine:151 - Initiate JxBrowser Engine with user profile folder
2023-09-08 09:08:02,766 [INFO] CheckServerUpdateThread:120 - End of CheckServer Thread
2023-09-08 09:08:03,004 [INFO] WebApp:157 - Instantiating new browser for Auth
2023-09-08 09:08:03,275 [INFO] WebApp:753 - Register for checkConnection events
2023-09-08 09:08:03,276 [INFO] WebApp:390 - Apply proxy settings
2023-09-08 09:08:03,276 [INFO] WebApp:475 - Chromium requires no authentication
2023-09-08 09:08:03,280 [INFO] WebApp:418 - Direct internet connection detected
2023-09-08 09:08:03,373 [INFO] WebApp:188 - Starting web application
2023-09-08 09:08:03,373 [INFO] WebApp:520 - Web application path used C:\ST\STM32CubeIDE_1.13.1\STM32CubeIDE\plugins\com.st.stm32cube.common.mx_6.9.1.202307191849\db\plugins\mcufinder\reactClient1\index.html
2023-09-08 09:08:04,838 [WARN] PackLoader:240 - Cannot read IP mode file for STMicroelectronics.X-CUBE-GNSS1.6.0.0
2023-09-08 09:08:04,872 [WARN] PackLoader:240 - Cannot read IP mode file for STMicroelectronics.X-CUBE-AZRTOS-F4.1.1.0
2023-09-08 09:08:04,881 [WARN] PackLoader:240 - Cannot read IP mode file for STMicroelectronics.X-CUBE-SMBUS.2.1.0
2023-09-08 09:08:04,895 [WARN] PackLoader:240 - Cannot read IP mode file for STMicroelectronics.X-CUBE-AZRTOS-F7.1.1.0
2023-09-08 09:08:04,926 [WARN] PackLoader:240 - Cannot read IP mode file for STMicroelectronics.X-CUBE-MEMS1.9.6.0
2023-09-08 09:08:05,010 [WARN] PackLoader:240 - Cannot read IP mode file for STMicroelectronics.FP-SNS-MOTENV1.4.3.2
2023-09-08 09:08:05,015 [WARN] PackLoader:240 - Cannot read IP mode file for STMicroelectronics.X-CUBE-BLEMGR.2.0.0
2023-09-08 09:08:05,024 [WARN] ConditionMgr:438 - getConditionDescription Invalid condition id : UX DEVICE CLASS RTOS Condition cause : null
2023-09-08 09:08:05,024 [WARN] ConditionMgr:438 - getConditionDescription Invalid condition id : UX DEVICE CLASS RTOS Condition cause : null
2023-09-08 09:08:05,025 [WARN] PackLoader:240 - Cannot read IP mode file for STMicroelectronics.X-CUBE-AZRTOS-H7.3.1.0
2023-09-08 09:08:05,026 [WARN] ConditionMgr:1039 - genDependencies : Invalid condition id : UX DEVICE CLASS RTOS Condition cause : null
2023-09-08 09:08:05,026 [WARN] ConditionMgr:1039 - genDependencies : Invalid condition id : UX DEVICE CLASS RTOS Condition cause : null
2023-09-08 09:08:05,026 [WARN] ConditionMgr:1039 - genDependencies : Invalid condition id : UX DEVICE CLASS RTOS Condition cause : null
2023-09-08 09:08:05,027 [WARN] ConditionMgr:1039 - genDependencies : Invalid condition id : UX DEVICE CLASS RTOS Condition cause : null
2023-09-08 09:08:05,027 [WARN] ConditionMgr:1039 - genDependencies : Invalid condition id : UX DEVICE CLASS RTOS Condition cause : null
2023-09-08 09:08:05,031 [WARN] PackLoader:240 - Cannot read IP mode file for STMicroelectronics.X-CUBE-DISPLAY.3.0.0
2023-09-08 09:08:05,036 [WARN] PackLoader:240 - Cannot read IP mode file for STMicroelectronics.X-CUBE-TOUCHGFX.4.22.0
2023-09-08 09:08:05,040 [WARN] PackLoader:240 - Cannot read IP mode file for STMicroelectronics.X-CUBE-NFC7.1.0.1
2023-09-08 09:08:05,044 [WARN] PackLoader:240 - Cannot read IP mode file for STMicroelectronics.X-CUBE-EEPRMA1.4.1.0
2023-09-08 09:08:05,050 [INFO] LogOutputStream:77 - [STDOUT_REDIRECT] 1 : Invalid condition id : UX_CORESTACK_Condition cause : null
2023-09-08 09:08:05,052 [INFO] LogOutputStream:77 - [STDOUT_REDIRECT] 1 : Invalid condition id : UX_CORESTACK_Condition cause : null
2023-09-08 09:08:05,052 [INFO] LogOutputStream:77 - [STDOUT_REDIRECT] 1 : Invalid condition id : UX_CORESTACK_Condition cause : null
2023-09-08 09:08:05,053 [INFO] LogOutputStream:77 - [STDOUT_REDIRECT] 1 : Invalid condition id : UX_CORESTACK_Condition cause : null
2023-09-08 09:08:05,054 [INFO] LogOutputStream:77 - [STDOUT_REDIRECT] 1 : Invalid condition id : UX_CORESTACK_Condition cause : null
2023-09-08 09:08:05,056 [WARN] PackLoader:240 - Cannot read IP mode file for STMicroelectronics.X-CUBE-AZRTOS-WL.2.0.0
2023-09-08 09:08:05,066 [WARN] ConditionMgr:438 - getConditionDescription Invalid condition id : LAN8742 Phy interface Condition cause : null
2023-09-08 09:08:05,066 [WARN] PackLoader:240 - Cannot read IP mode file for STMicroelectronics.X-CUBE-AZRTOS-L4.2.0.0
2023-09-08 09:08:05,067 [WARN] ConditionMgr:1039 - genDependencies : Invalid condition id : LAN8742 Phy interface Condition cause : null
2023-09-08 09:08:05,067 [WARN] ConditionMgr:1039 - genDependencies : Invalid condition id : LAN8742 Phy interface Condition cause : null
2023-09-08 09:08:05,067 [WARN] ConditionMgr:1039 - genDependencies : Invalid condition id : LAN8742 Phy interface Condition cause : null
2023-09-08 09:08:05,072 [WARN] PackLoader:240 - Cannot read IP mode file for STMicroelectronics.X-CUBE-SFXS2LP1.4.0.0
2023-09-08 09:08:05,075 [WARN] PackLoader:240 - Cannot read IP mode file for STMicroelectronics.X-CUBE-BLE2.3.3.0
2023-09-08 09:08:05,079 [WARN] PackLoader:240 - Cannot read IP mode file for STMicroelectronics.X-CUBE-ISPU.1.1.0
2023-09-08 09:08:05,083 [WARN] PackLoader:240 - Cannot read IP mode file for STMicroelectronics.X-CUBE-ALGOBUILD.1.3.0
2023-09-08 09:08:05,094 [WARN] PackLoader:240 - Cannot read IP mode file for STMicroelectronics.X-CUBE-AZRTOS-G0.1.1.0
2023-09-08 09:08:05,100 [WARN] PackLoader:240 - Cannot read IP mode file for STMicroelectronics.X-CUBE-SUBG2.5.0.0
2023-09-08 09:08:05,106 [WARN] PackLoader:240 - Cannot read IP mode file for STMicroelectronics.X-CUBE-NFC4.3.0.0
2023-09-08 09:08:05,117 [WARN] PackLoader:240 - Cannot read IP mode file for STMicroelectronics.X-CUBE-AZRTOS-G4.2.0.0
2023-09-08 09:08:05,125 [WARN] PackLoader:240 - Cannot read IP mode file for STMicroelectronics.FP-ATR-SIGFOX1.3.2.0
2023-09-08 09:08:05,134 [WARN] PackLoader:240 - Cannot read IP mode file for STMicroelectronics.X-CUBE-ALS.1.0.1
2023-09-08 09:08:05,139 [WARN] PackLoader:240 - Cannot read IP mode file for STMicroelectronics.FP-ATR-ASTRA1.2.0.0
2023-09-08 09:08:05,140 [INFO] ThirdParty:978 - Integrity check success = true
2023-09-08 09:08:05,141 [INFO] IntegrityCheckThread:100 - exiting critical section [integrity check]
2023-09-08 09:08:05,141 [INFO] IntegrityCheckThread:103 - End integrity checks thread
2023-09-08 09:08:23,847 [ERROR] LogOutputStream:75 - [STDERR_REDIRECT] SLF4J: Failed to load class "org.slf4j.impl.StaticLoggerBinder".
2023-09-08 09:08:23,847 [ERROR] LogOutputStream:75 - [STDERR_REDIRECT] SLF4J: Defaulting to no-operation (NOP) logger implementation
2023-09-08 09:08:23,848 [ERROR] LogOutputStream:75 - [STDERR_REDIRECT] SLF4J: See http://www.slf4j.org/codes.html#StaticLoggerBinder for further details.
2023-09-08 09:09:59,840 [ERROR] LogOutputStream:75 - [STDERR_REDIRECT] 
